[0m00:53:15.860733 [debug] [MainThread]: Sending event: {'category': 'dbt', 'action': 'invocation', 'label': 'start', 'context': [<snowplow_tracker.self_describing_json.SelfDescribingJson object at 0x000001E79A5CCEC0>, <snowplow_tracker.self_describing_json.SelfDescribingJson object at 0x000001E79628AFD0>, <snowplow_tracker.self_describing_json.SelfDescribingJson object at 0x000001E79B090E10>]}


============================== 00:53:15.873619 | 05fdaaff-8a7c-499b-9cb9-9fb638f4701d ==============================
[0m00:53:15.873619 [info ] [MainThread]: Running with dbt=1.10.15
[0m00:53:15.876150 [debug] [MainThread]: running dbt with arguments {'cache_selected_only': 'False', 'target_path': 'None', 'log_format': 'default', 'no_print': 'None', 'invocation_command': 'dbt init olist_project', 'warn_error': 'None', 'static_parser': 'True', 'fail_fast': 'False', 'log_path': 'logs', 'send_anonymous_usage_stats': 'True', 'partial_parse': 'True', 'warn_error_options': 'WarnErrorOptionsV2(error=[], warn=[], silence=[])', 'indirect_selection': 'eager', 'version_check': 'True', 'use_experimental_parser': 'False', 'introspect': 'True', 'quiet': 'False', 'empty': 'None', 'log_cache_events': 'False', 'debug': 'False', 'profiles_dir': 'C:\\Users\\nisha\\.dbt', 'use_colors': 'True', 'printer_width': '80', 'write_json': 'True'}
[0m00:53:15.961207 [debug] [MainThread]: Starter project path: C:\Users\nisha\miniconda3\Lib\site-packages\dbt\include\starter_project
[0m00:53:16.060327 [info ] [MainThread]: 
Your new dbt project "olist_project" was created!

For more information on how to configure the profiles.yml file,
please consult the dbt documentation here:

  https://docs.getdbt.com/docs/configure-your-profile

One more thing:

Need help? Don't hesitate to reach out to us via GitHub issues or on Slack:

  https://community.getdbt.com/

Happy modeling!

[0m00:53:16.068361 [info ] [MainThread]: Setting up your profile.
[0m00:58:27.800059 [info ] [MainThread]: Profile olist_project written to C:\Users\nisha\.dbt\profiles.yml using target's profile_template.yml and your supplied values. Run 'dbt debug' to validate the connection.
[0m00:58:27.894171 [debug] [MainThread]: Command `dbt init` succeeded at 00:58:27.887109 after 312.62 seconds
[0m00:58:27.922173 [debug] [MainThread]: Sending event: {'category': 'dbt', 'action': 'invocation', 'label': 'end', 'context': [<snowplow_tracker.self_describing_json.SelfDescribingJson object at 0x000001E79C8AC640>, <snowplow_tracker.self_describing_json.SelfDescribingJson object at 0x000001E79C7E72F0>, <snowplow_tracker.self_describing_json.SelfDescribingJson object at 0x000001E79B5F98C0>]}
[0m00:58:27.942898 [debug] [MainThread]: Flushing usage events
[0m00:58:28.774311 [debug] [MainThread]: An error was encountered while trying to flush usage events
[0m00:58:47.302726 [debug] [MainThread]: Sending event: {'category': 'dbt', 'action': 'invocation', 'label': 'start', 'context': [<snowplow_tracker.self_describing_json.SelfDescribingJson object at 0x000001B0C5334EC0>, <snowplow_tracker.self_describing_json.SelfDescribingJson object at 0x000001B0C102AFD0>, <snowplow_tracker.self_describing_json.SelfDescribingJson object at 0x000001B0C5DF0E10>]}


============================== 00:58:47.310437 | db018fbd-c7c3-44cf-add5-49cfd0d0cb8d ==============================
[0m00:58:47.310437 [info ] [MainThread]: Running with dbt=1.10.15
[0m00:58:47.311499 [debug] [MainThread]: running dbt with arguments {'target_path': 'None', 'cache_selected_only': 'False', 'use_colors': 'True', 'no_print': 'None', 'log_format': 'default', 'warn_error': 'None', 'indirect_selection': 'eager', 'fail_fast': 'False', 'log_path': 'logs', 'send_anonymous_usage_stats': 'True', 'static_parser': 'True', 'warn_error_options': 'WarnErrorOptionsV2(error=[], warn=[], silence=[])', 'partial_parse': 'True', 'use_experimental_parser': 'False', 'version_check': 'True', 'quiet': 'False', 'introspect': 'True', 'empty': 'None', 'log_cache_events': 'False', 'debug': 'False', 'profiles_dir': 'C:\\Users\\nisha\\.dbt', 'invocation_command': 'dbt debug', 'printer_width': '80', 'write_json': 'True'}
[0m00:58:47.372487 [info ] [MainThread]: dbt version: 1.10.15
[0m00:58:47.373201 [info ] [MainThread]: python version: 3.13.5
[0m00:58:47.373758 [info ] [MainThread]: python path: C:\Users\nisha\miniconda3\python.exe
[0m00:58:47.374324 [info ] [MainThread]: os info: Windows-11-10.0.26200-SP0
[0m00:58:47.489312 [info ] [MainThread]: Using profiles dir at C:\Users\nisha\.dbt
[0m00:58:47.489867 [info ] [MainThread]: Using profiles.yml file at C:\Users\nisha\.dbt\profiles.yml
[0m00:58:47.490314 [info ] [MainThread]: Using dbt_project.yml file at C:\Users\nisha\marketing_and_sales_funnel_analysis\dbt_project.yml
[0m00:58:47.490990 [error] [MainThread]: Encountered an error:
Internal Error
  Profile should not be None if loading profile completed
[0m00:58:47.491956 [debug] [MainThread]: Command `dbt debug` failed at 00:58:47.491838 after 0.52 seconds
[0m00:58:47.492300 [debug] [MainThread]: Sending event: {'category': 'dbt', 'action': 'invocation', 'label': 'end', 'context': [<snowplow_tracker.self_describing_json.SelfDescribingJson object at 0x000001B0C7601350>, <snowplow_tracker.self_describing_json.SelfDescribingJson object at 0x000001B0C7619010>, <snowplow_tracker.self_describing_json.SelfDescribingJson object at 0x000001B0C732B790>]}
[0m00:58:47.492664 [debug] [MainThread]: Flushing usage events
[0m00:58:47.999054 [debug] [MainThread]: An error was encountered while trying to flush usage events
[0m01:07:00.390327 [debug] [MainThread]: Sending event: {'category': 'dbt', 'action': 'invocation', 'label': 'start', 'context': [<snowplow_tracker.self_describing_json.SelfDescribingJson object at 0x00000163171ECEC0>, <snowplow_tracker.self_describing_json.SelfDescribingJson object at 0x0000016312F6AFD0>, <snowplow_tracker.self_describing_json.SelfDescribingJson object at 0x0000016317CB0E10>]}


============================== 01:07:00.402731 | ffd977bb-a186-4e72-a6ee-7ad46b8af938 ==============================
[0m01:07:00.402731 [info ] [MainThread]: Running with dbt=1.10.15
[0m01:07:00.403527 [debug] [MainThread]: running dbt with arguments {'log_format': 'default', 'target_path': 'None', 'printer_width': '80', 'use_colors': 'True', 'profiles_dir': 'C:\\Users\\nisha\\.dbt', 'warn_error': 'None', 'indirect_selection': 'eager', 'partial_parse': 'True', 'log_path': 'logs', 'send_anonymous_usage_stats': 'True', 'static_parser': 'True', 'warn_error_options': 'WarnErrorOptionsV2(error=[], warn=[], silence=[])', 'fail_fast': 'False', 'version_check': 'True', 'use_experimental_parser': 'False', 'quiet': 'False', 'introspect': 'True', 'empty': 'None', 'log_cache_events': 'False', 'debug': 'False', 'no_print': 'None', 'invocation_command': 'dbt debug', 'cache_selected_only': 'False', 'write_json': 'True'}
[0m01:07:00.475790 [info ] [MainThread]: dbt version: 1.10.15
[0m01:07:00.476451 [info ] [MainThread]: python version: 3.13.5
[0m01:07:00.477019 [info ] [MainThread]: python path: C:\Users\nisha\miniconda3\python.exe
[0m01:07:00.477469 [info ] [MainThread]: os info: Windows-11-10.0.26200-SP0
[0m01:07:00.614864 [info ] [MainThread]: Using profiles dir at C:\Users\nisha\.dbt
[0m01:07:00.616563 [info ] [MainThread]: Using profiles.yml file at C:\Users\nisha\.dbt\profiles.yml
[0m01:07:00.618603 [info ] [MainThread]: Using dbt_project.yml file at C:\Users\nisha\marketing_and_sales_funnel_analysis\dbt_project.yml
[0m01:07:00.621454 [error] [MainThread]: Encountered an error:
Internal Error
  Profile should not be None if loading profile completed
[0m01:07:00.624222 [debug] [MainThread]: Command `dbt debug` failed at 01:07:00.623915 after 0.57 seconds
[0m01:07:00.624831 [debug] [MainThread]: Sending event: {'category': 'dbt', 'action': 'invocation', 'label': 'end', 'context': [<snowplow_tracker.self_describing_json.SelfDescribingJson object at 0x00000163194BD350>, <snowplow_tracker.self_describing_json.SelfDescribingJson object at 0x00000163194D5010>, <snowplow_tracker.self_describing_json.SelfDescribingJson object at 0x0000016318217790>]}
[0m01:07:00.625716 [debug] [MainThread]: Flushing usage events
[0m01:07:01.211911 [debug] [MainThread]: An error was encountered while trying to flush usage events
